<?xml version="1.0" encoding="UTF-8"?>
<robot generator="Robot 7.3 (Python 3.13.1 on win32)" generated="2025-09-19T23:24:44.618281" rpa="false" schemaversion="5">
<suite id="s1" name="TestCases" source="C:\Users\user\Documents\RFPOM_Demo\DemoBlazeTest\TestCases">
<suite id="s1-s1" name="LoginTest" source="C:\Users\user\Documents\RFPOM_Demo\DemoBlazeTest\TestCases\LoginTest.robot">
<test id="s1-s1-t1" name="Verify That A Registered User Can Login To The Application Using The Correct Password" line="10">
<kw name="Open Browser and Launch Application" owner="CommonPageObjects">
<kw name="Open Browser" owner="SeleniumLibrary">
<msg time="2025-09-19T23:24:45.648366" level="INFO">Opening browser 'chrome' to base url 'https://demoblaze.com/'.</msg>
<arg>https://demoblaze.com/</arg>
<arg>chrome</arg>
<doc>Opens a new browser instance to the optional ``url``.</doc>
<status status="PASS" start="2025-09-19T23:24:45.648031" elapsed="3.290929"/>
</kw>
<kw name="Maximize Browser Window" owner="SeleniumLibrary">
<doc>Maximizes current browser window.</doc>
<status status="PASS" start="2025-09-19T23:24:48.939757" elapsed="0.053128"/>
</kw>
<status status="PASS" start="2025-09-19T23:24:45.646871" elapsed="3.349283"/>
</kw>
<kw name="Submit Login Information" owner="LoginPageObjects">
<kw name="Wait Until Element Is Visible" owner="SeleniumLibrary">
<arg>${navigation_Login_Link}</arg>
<doc>Waits until the element ``locator`` is visible.</doc>
<status status="PASS" start="2025-09-19T23:24:49.006609" elapsed="0.201428"/>
</kw>
<kw name="Click Element" owner="SeleniumLibrary">
<msg time="2025-09-19T23:24:49.209012" level="INFO">Clicking element 'xpath=//*[@id="login2"]'.</msg>
<arg>${navigation_Login_Link}</arg>
<doc>Click the element identified by ``locator``.</doc>
<status status="PASS" start="2025-09-19T23:24:49.208484" elapsed="0.178854"/>
</kw>
<kw name="Wait Until Element Is Visible" owner="SeleniumLibrary">
<arg>${usernameTextBox}</arg>
<doc>Waits until the element ``locator`` is visible.</doc>
<status status="PASS" start="2025-09-19T23:24:49.388281" elapsed="0.289218"/>
</kw>
<kw name="Sleep" owner="BuiltIn">
<msg time="2025-09-19T23:24:52.679903" level="INFO">Slept 3 seconds.</msg>
<arg>3</arg>
<doc>Pauses the test executed for the given time.</doc>
<status status="PASS" start="2025-09-19T23:24:49.679016" elapsed="3.001246"/>
</kw>
<kw name="Input Text" owner="SeleniumLibrary">
<msg time="2025-09-19T23:24:52.682557" level="INFO">Typing text 'Atestuser11' into text field 'xpath=//*[@id="loginusername"]'.</msg>
<arg>${usernameTextBox}</arg>
<arg>${userName}</arg>
<doc>Types the given ``text`` into the text field identified by ``locator``.</doc>
<status status="PASS" start="2025-09-19T23:24:52.681113" elapsed="0.293822"/>
</kw>
<kw name="Wait Until Element Is Visible" owner="SeleniumLibrary">
<arg>${passwordTextBox}</arg>
<doc>Waits until the element ``locator`` is visible.</doc>
<status status="PASS" start="2025-09-19T23:24:52.975357" elapsed="0.040922"/>
</kw>
<kw name="Input Text" owner="SeleniumLibrary">
<msg time="2025-09-19T23:24:53.017208" level="INFO">Typing text 'Atestuser11!' into text field 'xpath=//*[@id="loginpassword"]'.</msg>
<arg>${passwordTextBox}</arg>
<arg>${password}</arg>
<doc>Types the given ``text`` into the text field identified by ``locator``.</doc>
<status status="PASS" start="2025-09-19T23:24:53.016597" elapsed="0.176791"/>
</kw>
<kw name="Click Element" owner="SeleniumLibrary">
<msg time="2025-09-19T23:24:53.194676" level="INFO">Clicking element 'xpath=//*[@id="logInModal"]/div/div/div[3]/button[2]'.</msg>
<arg>${loginButton}</arg>
<doc>Click the element identified by ``locator``.</doc>
<status status="PASS" start="2025-09-19T23:24:53.193908" elapsed="0.138004"/>
</kw>
<arg>${validUserName}</arg>
<arg>${validPassword}</arg>
<status status="PASS" start="2025-09-19T23:24:49.005027" elapsed="4.327270"/>
</kw>
<kw name="Username Should Be Visible On The Navigation Bar" owner="LoginPageObjects">
<kw name="Wait Until Element Is Visible" owner="SeleniumLibrary">
<arg>xpath://*[@id="nameofuser"]</arg>
<doc>Waits until the element ``locator`` is visible.</doc>
<status status="PASS" start="2025-09-19T23:24:53.334606" elapsed="2.461815"/>
</kw>
<kw name="Element Text Should Be" owner="SeleniumLibrary">
<msg time="2025-09-19T23:24:55.798133" level="INFO">Verifying element 'xpath://*[@id="nameofuser"]' contains exact text 'Welcome Atestuser11'.</msg>
<arg>xpath://*[@id="nameofuser"]</arg>
<arg>Welcome ${username}</arg>
<doc>Verifies that element ``locator`` contains exact the text ``expected``.</doc>
<status status="PASS" start="2025-09-19T23:24:55.797292" elapsed="0.046864"/>
</kw>
<arg>${validUserName}</arg>
<status status="PASS" start="2025-09-19T23:24:53.333300" elapsed="2.511188"/>
</kw>
<kw name="Close Browser" owner="SeleniumLibrary" type="TEARDOWN">
<doc>Closes the current browser.</doc>
<status status="PASS" start="2025-09-19T23:24:55.845704" elapsed="2.461652"/>
</kw>
<status status="PASS" start="2025-09-19T23:24:45.645332" elapsed="12.663152"/>
</test>
<test id="s1-s1-t2" name="Verify That A Registered User Can Not Login To The Application Using The Correct User Name but Wrong Password" line="15">
<kw name="Open Browser and Launch Application" owner="CommonPageObjects">
<kw name="Open Browser" owner="SeleniumLibrary">
<msg time="2025-09-19T23:24:58.318263" level="INFO">Opening browser 'chrome' to base url 'https://demoblaze.com/'.</msg>
<arg>https://demoblaze.com/</arg>
<arg>chrome</arg>
<doc>Opens a new browser instance to the optional ``url``.</doc>
<status status="PASS" start="2025-09-19T23:24:58.317487" elapsed="4.046149"/>
</kw>
<kw name="Maximize Browser Window" owner="SeleniumLibrary">
<doc>Maximizes current browser window.</doc>
<status status="PASS" start="2025-09-19T23:25:02.364245" elapsed="0.055390"/>
</kw>
<status status="PASS" start="2025-09-19T23:24:58.316068" elapsed="4.103904"/>
</kw>
<kw name="Submit Login Information" owner="LoginPageObjects">
<kw name="Wait Until Element Is Visible" owner="SeleniumLibrary">
<arg>${navigation_Login_Link}</arg>
<doc>Waits until the element ``locator`` is visible.</doc>
<status status="PASS" start="2025-09-19T23:25:02.422715" elapsed="0.198689"/>
</kw>
<kw name="Click Element" owner="SeleniumLibrary">
<msg time="2025-09-19T23:25:02.622340" level="INFO">Clicking element 'xpath=//*[@id="login2"]'.</msg>
<arg>${navigation_Login_Link}</arg>
<doc>Click the element identified by ``locator``.</doc>
<status status="PASS" start="2025-09-19T23:25:02.621816" elapsed="0.174873"/>
</kw>
<kw name="Wait Until Element Is Visible" owner="SeleniumLibrary">
<arg>${usernameTextBox}</arg>
<doc>Waits until the element ``locator`` is visible.</doc>
<status status="PASS" start="2025-09-19T23:25:02.797307" elapsed="0.275477"/>
</kw>
<kw name="Sleep" owner="BuiltIn">
<msg time="2025-09-19T23:25:06.074022" level="INFO">Slept 3 seconds.</msg>
<arg>3</arg>
<doc>Pauses the test executed for the given time.</doc>
<status status="PASS" start="2025-09-19T23:25:03.073137" elapsed="3.001196"/>
</kw>
<kw name="Input Text" owner="SeleniumLibrary">
<msg time="2025-09-19T23:25:06.076090" level="INFO">Typing text 'Atestuser11' into text field 'xpath=//*[@id="loginusername"]'.</msg>
<arg>${usernameTextBox}</arg>
<arg>${userName}</arg>
<doc>Types the given ``text`` into the text field identified by ``locator``.</doc>
<status status="PASS" start="2025-09-19T23:25:06.075361" elapsed="0.221635"/>
</kw>
<kw name="Wait Until Element Is Visible" owner="SeleniumLibrary">
<arg>${passwordTextBox}</arg>
<doc>Waits until the element ``locator`` is visible.</doc>
<status status="PASS" start="2025-09-19T23:25:06.297628" elapsed="0.033074"/>
</kw>
<kw name="Input Text" owner="SeleniumLibrary">
<msg time="2025-09-19T23:25:06.331731" level="INFO">Typing text 'Atestuser12!' into text field 'xpath=//*[@id="loginpassword"]'.</msg>
<arg>${passwordTextBox}</arg>
<arg>${password}</arg>
<doc>Types the given ``text`` into the text field identified by ``locator``.</doc>
<status status="PASS" start="2025-09-19T23:25:06.331064" elapsed="0.190180"/>
</kw>
<kw name="Click Element" owner="SeleniumLibrary">
<msg time="2025-09-19T23:25:06.523196" level="INFO">Clicking element 'xpath=//*[@id="logInModal"]/div/div/div[3]/button[2]'.</msg>
<arg>${loginButton}</arg>
<doc>Click the element identified by ``locator``.</doc>
<status status="PASS" start="2025-09-19T23:25:06.522174" elapsed="0.157270"/>
</kw>
<arg>${validUserName}</arg>
<arg>${invalidPassword}</arg>
<status status="PASS" start="2025-09-19T23:25:02.421164" elapsed="4.258624"/>
</kw>
<kw name="User Should See An Alert With The Error Message" owner="LoginPageObjects">
<kw name="Alert Should Be Present" owner="SeleniumLibrary">
<msg time="2025-09-19T23:25:06.682978" level="INFO">HANDLE::&lt;class 'NoneType'&gt;::None</msg>
<arg>${errorMessage}</arg>
<doc>Verifies that an alert is present and by default, accepts it.</doc>
<status status="PASS" start="2025-09-19T23:25:06.682288" elapsed="1.539640"/>
</kw>
<arg>${invalidPassword_errorMessage}</arg>
<status status="PASS" start="2025-09-19T23:25:06.681019" elapsed="1.541198"/>
</kw>
<kw name="Close Browser" owner="SeleniumLibrary" type="TEARDOWN">
<doc>Closes the current browser.</doc>
<status status="PASS" start="2025-09-19T23:25:08.223257" elapsed="2.477589"/>
</kw>
<status status="PASS" start="2025-09-19T23:24:58.313049" elapsed="12.388821"/>
</test>
<test id="s1-s1-t3" name="Verify That A Registered User Can Not Login To The Application Using The Wrong User Name but Correct Password" line="20">
<kw name="Open Browser and Launch Application" owner="CommonPageObjects">
<kw name="Open Browser" owner="SeleniumLibrary">
<msg time="2025-09-19T23:25:10.711280" level="INFO">Opening browser 'chrome' to base url 'https://demoblaze.com/'.</msg>
<arg>https://demoblaze.com/</arg>
<arg>chrome</arg>
<doc>Opens a new browser instance to the optional ``url``.</doc>
<status status="PASS" start="2025-09-19T23:25:10.710472" elapsed="3.506416"/>
</kw>
<kw name="Maximize Browser Window" owner="SeleniumLibrary">
<doc>Maximizes current browser window.</doc>
<status status="PASS" start="2025-09-19T23:25:14.217474" elapsed="0.142421"/>
</kw>
<status status="PASS" start="2025-09-19T23:25:10.709155" elapsed="3.651849"/>
</kw>
<kw name="Submit Login Information" owner="LoginPageObjects">
<kw name="Wait Until Element Is Visible" owner="SeleniumLibrary">
<arg>${navigation_Login_Link}</arg>
<doc>Waits until the element ``locator`` is visible.</doc>
<status status="PASS" start="2025-09-19T23:25:14.368049" elapsed="0.102904"/>
</kw>
<kw name="Click Element" owner="SeleniumLibrary">
<msg time="2025-09-19T23:25:14.472052" level="INFO">Clicking element 'xpath=//*[@id="login2"]'.</msg>
<arg>${navigation_Login_Link}</arg>
<doc>Click the element identified by ``locator``.</doc>
<status status="PASS" start="2025-09-19T23:25:14.471445" elapsed="0.167494"/>
</kw>
<kw name="Wait Until Element Is Visible" owner="SeleniumLibrary">
<arg>${usernameTextBox}</arg>
<doc>Waits until the element ``locator`` is visible.</doc>
<status status="PASS" start="2025-09-19T23:25:14.639627" elapsed="0.293345"/>
</kw>
<kw name="Sleep" owner="BuiltIn">
<msg time="2025-09-19T23:25:17.933971" level="INFO">Slept 3 seconds.</msg>
<arg>3</arg>
<doc>Pauses the test executed for the given time.</doc>
<status status="PASS" start="2025-09-19T23:25:14.933364" elapsed="3.001187"/>
</kw>
<kw name="Input Text" owner="SeleniumLibrary">
<msg time="2025-09-19T23:25:17.937144" level="INFO">Typing text 'Atestuser12' into text field 'xpath=//*[@id="loginusername"]'.</msg>
<arg>${usernameTextBox}</arg>
<arg>${userName}</arg>
<doc>Types the given ``text`` into the text field identified by ``locator``.</doc>
<status status="PASS" start="2025-09-19T23:25:17.935709" elapsed="0.379271"/>
</kw>
<kw name="Wait Until Element Is Visible" owner="SeleniumLibrary">
<arg>${passwordTextBox}</arg>
<doc>Waits until the element ``locator`` is visible.</doc>
<status status="PASS" start="2025-09-19T23:25:18.315583" elapsed="0.039177"/>
</kw>
<kw name="Input Text" owner="SeleniumLibrary">
<msg time="2025-09-19T23:25:18.355745" level="INFO">Typing text 'Atestuser11!' into text field 'xpath=//*[@id="loginpassword"]'.</msg>
<arg>${passwordTextBox}</arg>
<arg>${password}</arg>
<doc>Types the given ``text`` into the text field identified by ``locator``.</doc>
<status status="PASS" start="2025-09-19T23:25:18.355170" elapsed="0.177709"/>
</kw>
<kw name="Click Element" owner="SeleniumLibrary">
<msg time="2025-09-19T23:25:18.534387" level="INFO">Clicking element 'xpath=//*[@id="logInModal"]/div/div/div[3]/button[2]'.</msg>
<arg>${loginButton}</arg>
<doc>Click the element identified by ``locator``.</doc>
<status status="PASS" start="2025-09-19T23:25:18.533425" elapsed="0.131639"/>
</kw>
<arg>${invalidUserName}</arg>
<arg>${validPassword}</arg>
<status status="PASS" start="2025-09-19T23:25:14.366855" elapsed="4.298421"/>
</kw>
<kw name="User Should See An Alert With The Error Message" owner="LoginPageObjects">
<kw name="Alert Should Be Present" owner="SeleniumLibrary">
<msg time="2025-09-19T23:25:18.667776" level="INFO">HANDLE::&lt;class 'NoneType'&gt;::None</msg>
<arg>${errorMessage}</arg>
<doc>Verifies that an alert is present and by default, accepts it.</doc>
<status status="PASS" start="2025-09-19T23:25:18.667110" elapsed="1.047485"/>
</kw>
<arg>${invalidUserName_errorMessage}</arg>
<status status="PASS" start="2025-09-19T23:25:18.666128" elapsed="1.048909"/>
</kw>
<kw name="Close Browser" owner="SeleniumLibrary" type="TEARDOWN">
<doc>Closes the current browser.</doc>
<status status="PASS" start="2025-09-19T23:25:19.718061" elapsed="2.513348"/>
</kw>
<status status="PASS" start="2025-09-19T23:25:10.705779" elapsed="11.526607"/>
</test>
<status status="PASS" start="2025-09-19T23:24:44.760154" elapsed="37.476437"/>
</suite>
<suite id="s1-s2" name="LogoutTest" source="C:\Users\user\Documents\RFPOM_Demo\DemoBlazeTest\TestCases\LogoutTest.robot">
<test id="s1-s2-t1" name="Verify that A Logged in User Can Log Out Successfully" line="10">
<kw name="Open Browser and Launch Application" owner="CommonPageObjects">
<kw name="Open Browser" owner="SeleniumLibrary">
<msg time="2025-09-19T23:25:22.301268" level="INFO">Opening browser 'chrome' to base url 'https://demoblaze.com/'.</msg>
<arg>https://demoblaze.com/</arg>
<arg>chrome</arg>
<doc>Opens a new browser instance to the optional ``url``.</doc>
<status status="PASS" start="2025-09-19T23:25:22.300768" elapsed="3.674426"/>
</kw>
<kw name="Maximize Browser Window" owner="SeleniumLibrary">
<doc>Maximizes current browser window.</doc>
<status status="PASS" start="2025-09-19T23:25:25.975661" elapsed="0.059243"/>
</kw>
<status status="PASS" start="2025-09-19T23:25:22.299939" elapsed="3.735273"/>
</kw>
<kw name="Submit Login Information" owner="LoginPageObjects">
<kw name="Wait Until Element Is Visible" owner="SeleniumLibrary">
<arg>${navigation_Login_Link}</arg>
<doc>Waits until the element ``locator`` is visible.</doc>
<status status="PASS" start="2025-09-19T23:25:26.037265" elapsed="0.145898"/>
</kw>
<kw name="Click Element" owner="SeleniumLibrary">
<msg time="2025-09-19T23:25:26.184157" level="INFO">Clicking element 'xpath=//*[@id="login2"]'.</msg>
<arg>${navigation_Login_Link}</arg>
<doc>Click the element identified by ``locator``.</doc>
<status status="PASS" start="2025-09-19T23:25:26.183592" elapsed="0.203931"/>
</kw>
<kw name="Wait Until Element Is Visible" owner="SeleniumLibrary">
<arg>${usernameTextBox}</arg>
<doc>Waits until the element ``locator`` is visible.</doc>
<status status="PASS" start="2025-09-19T23:25:26.388006" elapsed="0.279408"/>
</kw>
<kw name="Sleep" owner="BuiltIn">
<msg time="2025-09-19T23:25:29.668754" level="INFO">Slept 3 seconds.</msg>
<arg>3</arg>
<doc>Pauses the test executed for the given time.</doc>
<status status="PASS" start="2025-09-19T23:25:26.667903" elapsed="3.001039"/>
</kw>
<kw name="Input Text" owner="SeleniumLibrary">
<msg time="2025-09-19T23:25:29.669870" level="INFO">Typing text 'Atestuser11' into text field 'xpath=//*[@id="loginusername"]'.</msg>
<arg>${usernameTextBox}</arg>
<arg>${userName}</arg>
<doc>Types the given ``text`` into the text field identified by ``locator``.</doc>
<status status="PASS" start="2025-09-19T23:25:29.669322" elapsed="0.199028"/>
</kw>
<kw name="Wait Until Element Is Visible" owner="SeleniumLibrary">
<arg>${passwordTextBox}</arg>
<doc>Waits until the element ``locator`` is visible.</doc>
<status status="PASS" start="2025-09-19T23:25:29.869166" elapsed="0.038407"/>
</kw>
<kw name="Input Text" owner="SeleniumLibrary">
<msg time="2025-09-19T23:25:29.908448" level="INFO">Typing text 'Atestuser11!' into text field 'xpath=//*[@id="loginpassword"]'.</msg>
<arg>${passwordTextBox}</arg>
<arg>${password}</arg>
<doc>Types the given ``text`` into the text field identified by ``locator``.</doc>
<status status="PASS" start="2025-09-19T23:25:29.907954" elapsed="0.387704"/>
</kw>
<kw name="Click Element" owner="SeleniumLibrary">
<msg time="2025-09-19T23:25:30.296928" level="INFO">Clicking element 'xpath=//*[@id="logInModal"]/div/div/div[3]/button[2]'.</msg>
<arg>${loginButton}</arg>
<doc>Click the element identified by ``locator``.</doc>
<status status="PASS" start="2025-09-19T23:25:30.296230" elapsed="0.125707"/>
</kw>
<arg>${validUserName}</arg>
<arg>${validPassword}</arg>
<status status="PASS" start="2025-09-19T23:25:26.036123" elapsed="4.386164"/>
</kw>
<kw name="Click on Log Out" owner="HomePageObjects">
<kw name="Wait Until Element Is Visible" owner="SeleniumLibrary">
<msg time="2025-09-19T23:25:31.786521" level="INFO">Suppressing StaleElementReferenceException from Selenium.</msg>
<arg>${logout}</arg>
<doc>Waits until the element ``locator`` is visible.</doc>
<status status="PASS" start="2025-09-19T23:25:30.424367" elapsed="2.099254"/>
</kw>
<kw name="Click Element" owner="SeleniumLibrary">
<msg time="2025-09-19T23:25:32.525542" level="INFO">Clicking element 'id=logout2'.</msg>
<arg>${logout}</arg>
<doc>Click the element identified by ``locator``.</doc>
<status status="PASS" start="2025-09-19T23:25:32.524464" elapsed="0.823860"/>
</kw>
<kw name="Wait Until Element Is Visible" owner="SeleniumLibrary">
<arg>${navigation_Login_Link}</arg>
<doc>Waits until the element ``locator`` is visible.</doc>
<status status="PASS" start="2025-09-19T23:25:33.348695" elapsed="0.045351"/>
</kw>
<kw name="Element Text Should Be" owner="SeleniumLibrary">
<msg time="2025-09-19T23:25:33.395132" level="INFO">Verifying element 'xpath=//*[@id="login2"]' contains exact text 'Log in'.</msg>
<arg>${navigation_Login_Link}</arg>
<arg>Log in</arg>
<doc>Verifies that element ``locator`` contains exact the text ``expected``.</doc>
<status status="PASS" start="2025-09-19T23:25:33.394487" elapsed="0.039852"/>
</kw>
<status status="PASS" start="2025-09-19T23:25:30.423201" elapsed="3.011363"/>
</kw>
<kw name="Close Browser" owner="SeleniumLibrary" type="TEARDOWN">
<doc>Closes the current browser.</doc>
<status status="PASS" start="2025-09-19T23:25:33.435414" elapsed="2.463691"/>
</kw>
<status status="PASS" start="2025-09-19T23:25:22.298080" elapsed="13.602166"/>
</test>
<status status="PASS" start="2025-09-19T23:25:22.241979" elapsed="13.664133"/>
</suite>
<status status="PASS" start="2025-09-19T23:24:44.626098" elapsed="51.287304"/>
</suite>
<statistics>
<total>
<stat pass="4" fail="0" skip="0">All Tests</stat>
</total>
<tag>
</tag>
<suite>
<stat name="TestCases" id="s1" pass="4" fail="0" skip="0">TestCases</stat>
<stat name="LoginTest" id="s1-s1" pass="3" fail="0" skip="0">TestCases.LoginTest</stat>
<stat name="LogoutTest" id="s1-s2" pass="1" fail="0" skip="0">TestCases.LogoutTest</stat>
</suite>
</statistics>
<errors>
</errors>
</robot>
